Arguments: 
  C:\Program Files\nodejs\node.exe C:\Program Files (x86)\Yarn\bin\yarn.js init

PATH: 
  C:\Users\Usuario\Downloads\CMDER\bin;C:\Users\Usuario\Downloads\CMDER\vendor\bin;C:\Users\Usuario\Downloads\CMDER\vendor\conemu-maximus5\ConEmu\Scripts;C:\Users\Usuario\Downloads\CMDER\vendor\conemu-maximus5;C:\Users\Usuario\Downloads\CMDER\vendor\conemu-maximus5\ConEmu;C:\Ruby26-x64\bin;C:\Program Files (x86)\Common Files\Oracle\Java\javapath;C:\Program Files (x86)\Common Files\Intel\Shared Libraries\redist\intel64\compiler;C:\Program Files (x86)\Intel\iCLS Client\;C:\Program Files\Intel\iCLS Client\;C:\WINDOWS\system32;C:\WINDOWS;C:\WINDOWS\System32\Wbem;C:\WINDOWS\System32\WindowsPowerShell\v1.0\;C:\Program Files\Intel\WiFi\bin\;C:\Program Files\Common Files\Intel\WirelessCommon\;C:\Program Files (x86)\Intel\Intel(R) Management Engine Components\DAL;C:\Program Files\Intel\Intel(R) Management Engine Components\DAL;C:\Program Files (x86)\Intel\Intel(R) Management Engine Components\IPT;C:\Program Files\Intel\Intel(R) Management Engine Components\IPT;C:\Program Files\Acer ProShield\;C:\Program Files\Acer ProShield\x86;C:\xampp\php;C:\composer;C:\Program Files\Git\cmd;C:\WINDOWS\System32\OpenSSH\;C:\Program Files\Microsoft VS Code\bin;C:\Program Files\Dart\dart-sdk\bin;C:\ProgramData\chocolatey\bin;C:\Program Files\nodejs\;C:\Program Files (x86)\Yarn\bin\;C:\Program Files\Microsoft SQL Server\130\Tools\Binn\;C:\Users\Hudson\AppData\Local\Microsoft\WindowsApps;C:\Users\Hudson\AppData\Roaming\Composer\vendor\bin;c:\mtl-multisync\Rewriters\_msrgallwinner.zip\;C:\Users\Hudson\AppData\Roaming\npm;C:\Users\Hudson\AppData\Local\Yarn\bin;C:\Program Files\MySQL\MySQL Server 8.0\bin;C:\Program Files\MongoDB\Server\4.1\bin;C:\Users\Hudson\AppData\Local\hyper\app-3.0.2\resources\bin;C:\Exercism;C:\Users\Hudson\codenation;C:\Program Files\Git\mingw64\bin;C:\Program Files\Git\usr\bin;C:\Users\Usuario\Downloads\CMDER;C:\Users\Usuario\Downloads\CMDER\vendor\git-for-windows\cmd;C:\Users\Usuario\Downloads\CMDER\vendor\git-for-windows\mingw64\bin;C:\Users\Usuario\Downloads\CMDER\vendor\git-for-windows\usr\bin

Yarn version: 
  1.16.0

Node version: 
  12.4.0

Platform: 
  win32 x64

Trace: 
  Error: canceled
      at Interface.<anonymous> (C:\Program Files (x86)\Yarn\lib\cli.js:125850:13)
      at Interface.emit (events.js:200:13)
      at Interface._ttyWrite (readline.js:877:16)
      at ReadStream.onkeypress (readline.js:189:10)
      at ReadStream.emit (events.js:200:13)
      at emitKeys (internal/readline.js:424:14)
      at emitKeys.next (<anonymous>)
      at ReadStream.onData (readline.js:1145:36)
      at ReadStream.emit (events.js:200:13)
      at addChunk (_stream_readable.js:294:12)

npm manifest: 
  No manifest

yarn manifest: 
  No manifest

Lockfile: 
  No lockfile
